-------------------------------------------------------------------------------
Test set: tests.AccountRelatedTests.AccountTabTest
-------------------------------------------------------------------------------
Tests run: 1, Failures: 1, Errors: 0, Skipped: 0, Time elapsed: 13.959 s <<< FAILURE! - in tests.AccountRelatedTests.AccountTabTest
AccountTabTest(tests.AccountRelatedTests.AccountTabTest)  Time elapsed: 10.369 s  <<< FAILURE!
java.lang.AssertionError: expected [5810193] but found []
	at tests.AccountRelatedTests.AccountTabTest.AccountTabTest(AccountTabTest.java:61)

